<?xml version="1.0" encoding="UTF-8"?>
<testsuite xmlns:xsi="http://www.w3.org/2001/XMLSchema-instance" xsi:noNamespaceSchemaLocation="https://maven.apache.org/surefire/maven-surefire-plugin/xsd/surefire-test-report.xsd" name="ru.netology.StatisticsServiceTest" time="0.519" tests="2" errors="0" skipped="0" failures="0">
  <properties>
[...]
</properties>
  <testcase name="findMax" classname="ru.netology.StatisticsServiceTest" time="0.31"/>
  <testcase name="findMaxForFullCoverage" classname="ru.netology.StatisticsServiceTest" time="0.004"/>
</testsuite>